<?xml version="1.0" encoding="UTF-8"?>
<testsuite name="aavetisyanit.blackjack.CardTest" tests="2" skipped="0" failures="0" errors="0" timestamp="2022-06-14T02:11:45" hostname="m-arturavetisyan-SR10273" time="0.008">
  <properties/>
  <testcase name="canGetValueOfAThreeCard()" classname="aavetisyanit.blackjack.CardTest" time="0.007"/>
  <testcase name="canGetValueOfATwoCard()" classname="aavetisyanit.blackjack.CardTest" time="0.001"/>
  <system-out><![CDATA[]]></system-out>
  <system-err><![CDATA[]]></system-err>
</testsuite>
